<?xml version="1.0" encoding="UTF-8"?>
<!-- Generated by org.testng.reporters.JUnitXMLReporter -->
<testsuite ignored="0" hostname="LTIN248952" failures="0" tests="8" name="Default test" time="3.994" errors="0" timestamp="2024-02-28T11:49:38 IST">
  <testcase classname="testbase.BaseClass" name="@BeforeTest setup" time="-1.709101174636E9">
    <failure type="org.testng.TestNGException" message="
Parameter &amp;apos;browser&amp;apos; is required by BeforeTest on method setup but has not been marked @Optional or defined
in C:\Users\2303998\AppData\Local\Temp\2\testng-eclipse-403999595\testng-customsuite.xml">
      <![CDATA[org.testng.TestNGException: 
Parameter 'browser' is required by BeforeTest on method setup but has not been marked @Optional or defined
in C:\Users\2303998\AppData\Local\Temp\2\testng-eclipse-403999595\testng-customsuite.xml
at org.testng.internal.Parameters.createParams(Parameters.java:270)
at org.testng.internal.Parameters.createParametersForMethod(Parameters.java:358)
at org.testng.internal.Parameters.createParameters(Parameters.java:700)
at org.testng.internal.Parameters.createConfigurationParameters(Parameters.java:168)
at org.testng.internal.ConfigInvoker.invokeConfigurations(ConfigInvoker.java:302)
at org.testng.TestRunner.invokeTestConfigurations(TestRunner.java:637)
at org.testng.TestRunner.beforeRun(TestRunner.java:627)
at org.testng.TestRunner.run(TestRunner.java:589)
at org.testng.SuiteRunner.runTest(SuiteRunner.java:377)
at org.testng.SuiteRunner.runSequentially(SuiteRunner.java:371)
at org.testng.SuiteRunner.privateRun(SuiteRunner.java:332)
at org.testng.SuiteRunner.run(SuiteRunner.java:276)
at org.testng.SuiteRunnerWorker.runSuite(SuiteRunnerWorker.java:53)
at org.testng.SuiteRunnerWorker.run(SuiteRunnerWorker.java:96)
at org.testng.TestNG.runSuitesSequentially(TestNG.java:1212)
at org.testng.TestNG.runSuitesLocally(TestNG.java:1134)
at org.testng.TestNG.runSuites(TestNG.java:1063)
at org.testng.TestNG.run(TestNG.java:1031)
at org.testng.remote.AbstractRemoteTestNG.run(AbstractRemoteTestNG.java:115)
at org.testng.remote.RemoteTestNG.initAndRun(RemoteTestNG.java:251)
at org.testng.remote.RemoteTestNG.main(RemoteTestNG.java:77)
]]>
    </failure>
  </testcase> <!-- @BeforeTest setup -->
  <testcase classname="testbase.BaseClass" name="@AfterTest tearDown" time="-1.709101178616E9">
    <skipped/>
  </testcase> <!-- @AfterTest tearDown -->
  <testcase classname="testCases.TC_001_TravelInsuranceTest" name="test_HomePage" time="0.0">
    <skipped/>
  </testcase> <!-- test_HomePage -->
  <testcase classname="testCases.TC_001_TravelInsuranceTest" name="test_Destinations" time="0.0">
    <skipped/>
  </testcase> <!-- test_Destinations -->
  <testcase classname="testCases.TC_001_TravelInsuranceTest" name="test_TripDate" time="0.0">
    <skipped/>
  </testcase> <!-- test_TripDate -->
  <testcase classname="testCases.TC_001_TravelInsuranceTest" name="test_Travellers" time="0.001">
    <skipped/>
  </testcase> <!-- test_Travellers -->
  <testcase classname="testCases.TC_001_TravelInsuranceTest" name="test_MedicalHistory" time="0.0">
    <skipped/>
  </testcase> <!-- test_MedicalHistory -->
  <testcase classname="testCases.TC_001_TravelInsuranceTest" name="test_contactDetails" time="0.0">
    <skipped/>
  </testcase> <!-- test_contactDetails -->
  <testcase classname="testCases.TC_001_TravelInsuranceTest" name="test_StudentPlans" time="0.0">
    <skipped/>
  </testcase> <!-- test_StudentPlans -->
  <testcase classname="testCases.TC_001_TravelInsuranceTest" name="test_DisplayTravelInsurance" time="0.0">
    <skipped/>
  </testcase> <!-- test_DisplayTravelInsurance -->
</testsuite> <!-- Default test -->
