<html>
<head>
<title>TestNG:  Test</title>
<link href="../testng.css" rel="stylesheet" type="text/css" />
<link href="../my-testng.css" rel="stylesheet" type="text/css" />

<style type="text/css">
.log { display: none;} 
.stack-trace { display: none;} 
</style>
<script type="text/javascript">
<!--
function flip(e) {
  current = e.style.display;
  if (current == 'block') {
    e.style.display = 'none';
    return 0;
  }
  else {
    e.style.display = 'block';
    return 1;
  }
}

function toggleBox(szDivId, elem, msg1, msg2)
{
  var res = -1;  if (document.getElementById) {
    res = flip(document.getElementById(szDivId));
  }
  else if (document.all) {
    // this is the way old msie versions work
    res = flip(document.all[szDivId]);
  }
  if(elem) {
    if(res == 0) elem.innerHTML = msg1; else elem.innerHTML = msg2;
  }

}

function toggleAllBoxes() {
  if (document.getElementsByTagName) {
    d = document.getElementsByTagName('div');
    for (i = 0; i < d.length; i++) {
      if (d[i].className == 'log') {
        flip(d[i]);
      }
    }
  }
}

// -->
</script>

</head>
<body>
<h2 align='center'>Test</h2><table border='1' align="center">
<tr>
<td>Tests passed/Failed/Skipped:</td><td>17/1/0</td>
</tr><tr>
<td>Started on:</td><td>Thu Feb 29 15:32:59 IST 2024</td>
</tr>
<tr><td>Total time:</td><td>230 seconds (230068 ms)</td>
</tr><tr>
<td>Included groups:</td><td></td>
</tr><tr>
<td>Excluded groups:</td><td></td>
</tr>
</table><p/>
<small><i>(Hover the method name to see the test class name)</i></small><p/>
<table width='100%' border='1' class='invocation-failed'>
<tr><td colspan='4' align='center'><b>FAILED TESTS</b></td></tr>
<tr><td><b>Test method</b></td>
<td width="30%"><b>Exception</b></td>
<td width="10%"><b>Time (seconds)</b></td>
<td><b>Instance</b></td>
</tr>
<tr>
<td title='testCases.TC_001_TravelInsuranceTest.test_StudentPlans()'><b>test_StudentPlans</b><br>Test class: testCases.TC_001_TravelInsuranceTest</td>
<td><div><pre>org.openqa.selenium.ElementClickInterceptedException: element click intercepted: Element &lt;li class=&quot;options_box_wrapper__option&quot;&gt;...&lt;/li&gt; is not clickable at point (210, 247). Other element would receive the click: &lt;div class=&quot;editModalPopup studentPlanModal&quot;&gt;...&lt;/div&gt;
  (Session info: chrome=113.0.5672.93)
Build info: version: &apos;4.17.0&apos;, revision: &apos;e52b1be057*&apos;
System info: os.name: &apos;Windows 11&apos;, os.arch: &apos;amd64&apos;, os.version: &apos;10.0&apos;, java.version: &apos;17.0.9&apos;
Driver info: org.openqa.selenium.chrome.ChromeDriver
Command: [2a7316200afb13a702c3b671fbb0f115, clickElement {id=34201EF8AA03DD56EED494F61832EF8C_element_596}]
Capabilities {acceptInsecureCerts: false, browserName: chrome, browserVersion: 113.0.5672.93, chrome: {chromedriverVersion: 113.0.5672.63 (0e1a4471d5ae..., userDataDir: C:\Program Files (x86)\scop...}, goog:chromeOptions: {debuggerAddress: localhost:59443}, networkConnectionEnabled: false, pageLoadStrategy: normal, platformName: windows, proxy: Proxy(), se:cdp: ws://localhost:59443/devtoo..., se:cdpVersion: 113.0.5672.93, setWindowRect: true, strictFileInteractability: false, timeouts: {implicit: 0, pageLoad: 300000, script: 30000}, unhandledPromptBehavior: dismiss and notify, webauthn:extension:credBlob: true, webauthn:extension:largeBlob: true, webauthn:extension:minPinLength: true, webauthn:extension:prf: true, webauthn:virtualAuthenticators: true}
Element: [[ChromeDriver: chrome on windows (2a7316200afb13a702c3b671fbb0f115)] -&gt; xpath: (//li[@class=&apos;options_box_wrapper__option&apos;])[2]]
Session ID: 2a7316200afb13a702c3b671fbb0f115
	at org.openqa.selenium.remote.codec.w3c.W3CHttpResponseCodec.createException(W3CHttpResponseCodec.java:185)
	at org.openqa.selenium.remote.codec.w3c.W3CHttpResponseCodec.decode(W3CHttpResponseCodec.java:134)
	at org.openqa.selenium.remote.codec.w3c.W3CHttpResponseCodec.decode(W3CHttpResponseCodec.java:51)
	at org.openqa.selenium.remote.HttpCommandExecutor.execute(HttpCommandExecutor.java:190)
	at org.openqa.selenium.remote.service.DriverCommandExecutor.invokeExecute(DriverCommandExecutor.java:216)
	at org.openqa.selenium.remote.service.DriverCommandExecutor.execute(DriverCommandExecutor.java:174)
	at org.openqa.selenium.remote.RemoteWebDriver.execute(RemoteWebDriver.java:519)
	at org.openqa.selenium.remote.RemoteWebElement.execute(RemoteWebElement.java:223)
	at org.openqa.selenium.remote.RemoteWebElement.click(RemoteWebElement.java:76)
	at org.openqa.selenium.support.pagefactory.internal.LocatingElementHandler.invoke(LocatingElementHandler.java:51)
	at jdk.proxy2/jdk.proxy2.$Proxy49.click(Unknown Source)
	at pageObjects.TravelInsurance.sortByPrice(TravelInsurance.java:204)
	at testCases.TC_001_TravelInsuranceTest.test_StudentPlans(TC_001_TravelInsuranceTest.java:53)
	at java.base/java.util.ArrayList.forEach(ArrayList.java:1511)
... Removed 35 stack frames</pre></div><a href='#' onClick='toggleBox("stack-trace113202956", this, "Click to show all stack frames", "Click to hide stack frames")'>Click to show all stack frames</a>
<div class='stack-trace' id='stack-trace113202956'><pre>org.openqa.selenium.ElementClickInterceptedException: element click intercepted: Element &lt;li class=&quot;options_box_wrapper__option&quot;&gt;...&lt;/li&gt; is not clickable at point (210, 247). Other element would receive the click: &lt;div class=&quot;editModalPopup studentPlanModal&quot;&gt;...&lt;/div&gt;
  (Session info: chrome=113.0.5672.93)
Build info: version: &apos;4.17.0&apos;, revision: &apos;e52b1be057*&apos;
System info: os.name: &apos;Windows 11&apos;, os.arch: &apos;amd64&apos;, os.version: &apos;10.0&apos;, java.version: &apos;17.0.9&apos;
Driver info: org.openqa.selenium.chrome.ChromeDriver
Command: [2a7316200afb13a702c3b671fbb0f115, clickElement {id=34201EF8AA03DD56EED494F61832EF8C_element_596}]
Capabilities {acceptInsecureCerts: false, browserName: chrome, browserVersion: 113.0.5672.93, chrome: {chromedriverVersion: 113.0.5672.63 (0e1a4471d5ae..., userDataDir: C:\Program Files (x86)\scop...}, goog:chromeOptions: {debuggerAddress: localhost:59443}, networkConnectionEnabled: false, pageLoadStrategy: normal, platformName: windows, proxy: Proxy(), se:cdp: ws://localhost:59443/devtoo..., se:cdpVersion: 113.0.5672.93, setWindowRect: true, strictFileInteractability: false, timeouts: {implicit: 0, pageLoad: 300000, script: 30000}, unhandledPromptBehavior: dismiss and notify, webauthn:extension:credBlob: true, webauthn:extension:largeBlob: true, webauthn:extension:minPinLength: true, webauthn:extension:prf: true, webauthn:virtualAuthenticators: true}
Element: [[ChromeDriver: chrome on windows (2a7316200afb13a702c3b671fbb0f115)] -&gt; xpath: (//li[@class=&apos;options_box_wrapper__option&apos;])[2]]
Session ID: 2a7316200afb13a702c3b671fbb0f115
	at java.base/jdk.internal.reflect.NativeConstructorAccessorImpl.newInstance0(Native Method)
	at java.base/jdk.internal.reflect.NativeConstructorAccessorImpl.newInstance(NativeConstructorAccessorImpl.java:77)
	at java.base/jdk.internal.reflect.DelegatingConstructorAccessorImpl.newInstance(DelegatingConstructorAccessorImpl.java:45)
	at java.base/java.lang.reflect.Constructor.newInstanceWithCaller(Constructor.java:499)
	at java.base/java.lang.reflect.Constructor.newInstance(Constructor.java:480)
	at org.openqa.selenium.remote.codec.w3c.W3CHttpResponseCodec.createException(W3CHttpResponseCodec.java:185)
	at org.openqa.selenium.remote.codec.w3c.W3CHttpResponseCodec.decode(W3CHttpResponseCodec.java:134)
	at org.openqa.selenium.remote.codec.w3c.W3CHttpResponseCodec.decode(W3CHttpResponseCodec.java:51)
	at org.openqa.selenium.remote.HttpCommandExecutor.execute(HttpCommandExecutor.java:190)
	at org.openqa.selenium.remote.service.DriverCommandExecutor.invokeExecute(DriverCommandExecutor.java:216)
	at org.openqa.selenium.remote.service.DriverCommandExecutor.execute(DriverCommandExecutor.java:174)
	at org.openqa.selenium.remote.RemoteWebDriver.execute(RemoteWebDriver.java:519)
	at org.openqa.selenium.remote.RemoteWebElement.execute(RemoteWebElement.java:223)
	at org.openqa.selenium.remote.RemoteWebElement.click(RemoteWebElement.java:76)
	at jdk.internal.reflect.GeneratedMethodAccessor3.invoke(Unknown Source)
	at java.base/jdk.internal.reflect.DelegatingMethodAccessorImpl.invoke(DelegatingMethodAccessorImpl.java:43)
	at java.base/java.lang.reflect.Method.invoke(Method.java:568)
	at org.openqa.selenium.support.pagefactory.internal.LocatingElementHandler.invoke(LocatingElementHandler.java:51)
	at jdk.proxy2/jdk.proxy2.$Proxy49.click(Unknown Source)
	at pageObjects.TravelInsurance.sortByPrice(TravelInsurance.java:204)
	at testCases.TC_001_TravelInsuranceTest.test_StudentPlans(TC_001_TravelInsuranceTest.java:53)
	at java.base/jdk.internal.reflect.NativeMethodAccessorImpl.invoke0(Native Method)
	at java.base/jdk.internal.reflect.NativeMethodAccessorImpl.invoke(NativeMethodAccessorImpl.java:77)
	at java.base/jdk.internal.reflect.DelegatingMethodAccessorImpl.invoke(DelegatingMethodAccessorImpl.java:43)
	at java.base/java.lang.reflect.Method.invoke(Method.java:568)
	at org.testng.internal.MethodInvocationHelper.invokeMethod(MethodInvocationHelper.java:133)
	at org.testng.internal.TestInvoker.invokeMethod(TestInvoker.java:598)
	at org.testng.internal.TestInvoker.invokeTestMethod(TestInvoker.java:173)
	at org.testng.internal.MethodRunner.runInSequence(MethodRunner.java:46)
	at org.testng.internal.TestInvoker$MethodInvocationAgent.invoke(TestInvoker.java:824)
	at org.testng.internal.TestInvoker.invokeTestMethods(TestInvoker.java:146)
	at org.testng.internal.TestMethodWorker.invokeTestMethods(TestMethodWorker.java:146)
	at org.testng.internal.TestMethodWorker.run(TestMethodWorker.java:128)
	at java.base/java.util.ArrayList.forEach(ArrayList.java:1511)
	at org.testng.TestRunner.privateRun(TestRunner.java:794)
	at org.testng.TestRunner.run(TestRunner.java:596)
	at org.testng.SuiteRunner.runTest(SuiteRunner.java:377)
	at org.testng.SuiteRunner.runSequentially(SuiteRunner.java:371)
	at org.testng.SuiteRunner.privateRun(SuiteRunner.java:332)
	at org.testng.SuiteRunner.run(SuiteRunner.java:276)
	at org.testng.SuiteRunnerWorker.runSuite(SuiteRunnerWorker.java:53)
	at org.testng.SuiteRunnerWorker.run(SuiteRunnerWorker.java:96)
	at org.testng.TestNG.runSuitesSequentially(TestNG.java:1212)
	at org.testng.TestNG.runSuitesLocally(TestNG.java:1134)
	at org.testng.TestNG.runSuites(TestNG.java:1063)
	at org.testng.TestNG.run(TestNG.java:1031)
	at org.testng.remote.AbstractRemoteTestNG.run(AbstractRemoteTestNG.java:115)
	at org.testng.remote.RemoteTestNG.initAndRun(RemoteTestNG.java:251)
	at org.testng.remote.RemoteTestNG.main(RemoteTestNG.java:77)
</pre></div></td>
<td>51</td>
<td>testCases.TC_001_TravelInsuranceTest@3e27aa33</td></tr>
</table><p>
<table width='100%' border='1' class='invocation-passed'>
<tr><td colspan='4' align='center'><b>PASSED TESTS</b></td></tr>
<tr><td><b>Test method</b></td>
<td width="30%"><b>Exception</b></td>
<td width="10%"><b>Time (seconds)</b></td>
<td><b>Instance</b></td>
</tr>
<tr>
<td title='testCases.TC_002_CarInsuranceTest.test_carCityAndRto()'><b>test_carCityAndRto</b><br>Test class: testCases.TC_002_CarInsuranceTest</td>
<td></td>
<td>0</td>
<td>testCases.TC_002_CarInsuranceTest@f78a47e</td></tr>
<tr>
<td title='testCases.TC_002_CarInsuranceTest.test_userDetails()'><b>test_userDetails</b><br>Test class: testCases.TC_002_CarInsuranceTest</td>
<td></td>
<td>1</td>
<td>testCases.TC_002_CarInsuranceTest@f78a47e</td></tr>
<tr>
<td title='testCases.TC_002_CarInsuranceTest.test_carModel()'><b>test_carModel</b><br>Test class: testCases.TC_002_CarInsuranceTest</td>
<td></td>
<td>0</td>
<td>testCases.TC_002_CarInsuranceTest@f78a47e</td></tr>
<tr>
<td title='testCases.TC_002_CarInsuranceTest.test_HomePage()'><b>test_HomePage</b><br>Test class: testCases.TC_002_CarInsuranceTest</td>
<td></td>
<td>15</td>
<td>testCases.TC_002_CarInsuranceTest@f78a47e</td></tr>
<tr>
<td title='testCases.TC_001_TravelInsuranceTest.test_HomePage()'><b>test_HomePage</b><br>Test class: testCases.TC_001_TravelInsuranceTest</td>
<td></td>
<td>24</td>
<td>testCases.TC_001_TravelInsuranceTest@3e27aa33</td></tr>
<tr>
<td title='testCases.TC_001_TravelInsuranceTest.test_TripDate()'><b>test_TripDate</b><br>Test class: testCases.TC_001_TravelInsuranceTest</td>
<td></td>
<td>19</td>
<td>testCases.TC_001_TravelInsuranceTest@3e27aa33</td></tr>
<tr>
<td title='testCases.TC_001_TravelInsuranceTest.test_MedicalHistory()'><b>test_MedicalHistory</b><br>Test class: testCases.TC_001_TravelInsuranceTest</td>
<td></td>
<td>0</td>
<td>testCases.TC_001_TravelInsuranceTest@3e27aa33</td></tr>
<tr>
<td title='testCases.TC_002_CarInsuranceTest.test_captureErrorMsg()'><b>test_captureErrorMsg</b><br>Test class: testCases.TC_002_CarInsuranceTest</td>
<td></td>
<td>0</td>
<td>testCases.TC_002_CarInsuranceTest@f78a47e</td></tr>
<tr>
<td title='testCases.TC_001_TravelInsuranceTest.test_Destinations()'><b>test_Destinations</b><br>Test class: testCases.TC_001_TravelInsuranceTest</td>
<td></td>
<td>1</td>
<td>testCases.TC_001_TravelInsuranceTest@3e27aa33</td></tr>
<tr>
<td title='testCases.TC_001_TravelInsuranceTest.test_DisplayTravelInsurance()'><b>test_DisplayTravelInsurance</b><br>Test class: testCases.TC_001_TravelInsuranceTest</td>
<td></td>
<td>5</td>
<td>testCases.TC_001_TravelInsuranceTest@3e27aa33</td></tr>
<tr>
<td title='testCases.TC_002_CarInsuranceTest.test_carVariant()'><b>test_carVariant</b><br>Test class: testCases.TC_002_CarInsuranceTest</td>
<td></td>
<td>0</td>
<td>testCases.TC_002_CarInsuranceTest@f78a47e</td></tr>
<tr>
<td title='testCases.TC_002_CarInsuranceTest.test_carQuote()'><b>test_carQuote</b><br>Test class: testCases.TC_002_CarInsuranceTest</td>
<td></td>
<td>9</td>
<td>testCases.TC_002_CarInsuranceTest@f78a47e</td></tr>
<tr>
<td title='testCases.TC_001_TravelInsuranceTest.test_Travellers()'><b>test_Travellers</b><br>Test class: testCases.TC_001_TravelInsuranceTest</td>
<td></td>
<td>12</td>
<td>testCases.TC_001_TravelInsuranceTest@3e27aa33</td></tr>
<tr>
<td title='testCases.TC_001_TravelInsuranceTest.test_contactDetails()'><b>test_contactDetails</b><br>Test class: testCases.TC_001_TravelInsuranceTest</td>
<td></td>
<td>5</td>
<td>testCases.TC_001_TravelInsuranceTest@3e27aa33</td></tr>
<tr>
<td title='testCases.TC_002_CarInsuranceTest.test_carFuelType()'><b>test_carFuelType</b><br>Test class: testCases.TC_002_CarInsuranceTest</td>
<td></td>
<td>0</td>
<td>testCases.TC_002_CarInsuranceTest@f78a47e</td></tr>
<tr>
<td title='testCases.TC_003_HealthInsuranceTest.test_MenuItems()'><b>test_MenuItems</b><br>Test class: testCases.TC_003_HealthInsuranceTest</td>
<td></td>
<td>14</td>
<td>testCases.TC_003_HealthInsuranceTest@644baf4a</td></tr>
<tr>
<td title='testCases.TC_002_CarInsuranceTest.test_carBrand()'><b>test_carBrand</b><br>Test class: testCases.TC_002_CarInsuranceTest</td>
<td></td>
<td>0</td>
<td>testCases.TC_002_CarInsuranceTest@f78a47e</td></tr>
</table><p>
</body>
</html>