<?xml version="1.0" encoding="UTF-8"?>
<!-- Generated by org.testng.reporters.JUnitXMLReporter -->
<testsuite ignored="4" hostname="LTIN248952" failures="1" tests="18" name="Test" time="230.068" errors="0" timestamp="2024-02-29T15:36:49 IST">
  <testcase classname="testCases.TC_001_TravelInsuranceTest" name="test_HomePage" time="24.436"/>
  <testcase classname="testCases.TC_001_TravelInsuranceTest" name="test_Destinations" time="1.189"/>
  <testcase classname="testCases.TC_001_TravelInsuranceTest" name="test_TripDate" time="19.763"/>
  <testcase classname="testCases.TC_001_TravelInsuranceTest" name="test_Travellers" time="12.493"/>
  <testcase classname="testCases.TC_001_TravelInsuranceTest" name="test_MedicalHistory" time="0.619"/>
  <testcase classname="testCases.TC_001_TravelInsuranceTest" name="test_contactDetails" time="5.358"/>
  <testcase classname="testCases.TC_001_TravelInsuranceTest" name="test_StudentPlans" time="51.142">
    <failure type="org.openqa.selenium.ElementClickInterceptedException" message="element click intercepted: Element &amp;lt;li class=&amp;quot;options_box_wrapper__option&amp;quot;&amp;gt;...&amp;lt;/li&amp;gt; is not clickable at point (210, 247). Other element would receive the click: &amp;lt;div class=&amp;quot;editModalPopup studentPlanModal&amp;quot;&amp;gt;...&amp;lt;/div&amp;gt;
  (Session info: chrome=113.0.5672.93)
Build info: version: &amp;apos;4.17.0&amp;apos;, revision: &amp;apos;e52b1be057*&amp;apos;
System info: os.name: &amp;apos;Windows 11&amp;apos;, os.arch: &amp;apos;amd64&amp;apos;, os.version: &amp;apos;10.0&amp;apos;, java.version: &amp;apos;17.0.9&amp;apos;
Driver info: org.openqa.selenium.chrome.ChromeDriver
Command: [2a7316200afb13a702c3b671fbb0f115, clickElement {id=34201EF8AA03DD56EED494F61832EF8C_element_596}]
Capabilities {acceptInsecureCerts: false, browserName: chrome, browserVersion: 113.0.5672.93, chrome: {chromedriverVersion: 113.0.5672.63 (0e1a4471d5ae..., userDataDir: C:\Program Files (x86)\scop...}, goog:chromeOptions: {debuggerAddress: localhost:59443}, networkConnectionEnabled: false, pageLoadStrategy: normal, platformName: windows, proxy: Proxy(), se:cdp: ws://localhost:59443/devtoo..., se:cdpVersion: 113.0.5672.93, setWindowRect: true, strictFileInteractability: false, timeouts: {implicit: 0, pageLoad: 300000, script: 30000}, unhandledPromptBehavior: dismiss and notify, webauthn:extension:credBlob: true, webauthn:extension:largeBlob: true, webauthn:extension:minPinLength: true, webauthn:extension:prf: true, webauthn:virtualAuthenticators: true}
Element: [[ChromeDriver: chrome on windows (2a7316200afb13a702c3b671fbb0f115)] -&amp;gt; xpath: (//li[@class=&amp;apos;options_box_wrapper__option&amp;apos;])[2]]
Session ID: 2a7316200afb13a702c3b671fbb0f115">
      <![CDATA[org.openqa.selenium.ElementClickInterceptedException: element click intercepted: Element <li class="options_box_wrapper__option">...</li> is not clickable at point (210, 247). Other element would receive the click: <div class="editModalPopup studentPlanModal">...</div>
  (Session info: chrome=113.0.5672.93)
Build info: version: '4.17.0', revision: 'e52b1be057*'
System info: os.name: 'Windows 11', os.arch: 'amd64', os.version: '10.0', java.version: '17.0.9'
Driver info: org.openqa.selenium.chrome.ChromeDriver
Command: [2a7316200afb13a702c3b671fbb0f115, clickElement {id=34201EF8AA03DD56EED494F61832EF8C_element_596}]
Capabilities {acceptInsecureCerts: false, browserName: chrome, browserVersion: 113.0.5672.93, chrome: {chromedriverVersion: 113.0.5672.63 (0e1a4471d5ae..., userDataDir: C:\Program Files (x86)\scop...}, goog:chromeOptions: {debuggerAddress: localhost:59443}, networkConnectionEnabled: false, pageLoadStrategy: normal, platformName: windows, proxy: Proxy(), se:cdp: ws://localhost:59443/devtoo..., se:cdpVersion: 113.0.5672.93, setWindowRect: true, strictFileInteractability: false, timeouts: {implicit: 0, pageLoad: 300000, script: 30000}, unhandledPromptBehavior: dismiss and notify, webauthn:extension:credBlob: true, webauthn:extension:largeBlob: true, webauthn:extension:minPinLength: true, webauthn:extension:prf: true, webauthn:virtualAuthenticators: true}
Element: [[ChromeDriver: chrome on windows (2a7316200afb13a702c3b671fbb0f115)] -> xpath: (//li[@class='options_box_wrapper__option'])[2]]
Session ID: 2a7316200afb13a702c3b671fbb0f115
at org.openqa.selenium.remote.codec.w3c.W3CHttpResponseCodec.createException(W3CHttpResponseCodec.java:185)
at org.openqa.selenium.remote.codec.w3c.W3CHttpResponseCodec.decode(W3CHttpResponseCodec.java:134)
at org.openqa.selenium.remote.codec.w3c.W3CHttpResponseCodec.decode(W3CHttpResponseCodec.java:51)
at org.openqa.selenium.remote.HttpCommandExecutor.execute(HttpCommandExecutor.java:190)
at org.openqa.selenium.remote.service.DriverCommandExecutor.invokeExecute(DriverCommandExecutor.java:216)
at org.openqa.selenium.remote.service.DriverCommandExecutor.execute(DriverCommandExecutor.java:174)
at org.openqa.selenium.remote.RemoteWebDriver.execute(RemoteWebDriver.java:519)
at org.openqa.selenium.remote.RemoteWebElement.execute(RemoteWebElement.java:223)
at org.openqa.selenium.remote.RemoteWebElement.click(RemoteWebElement.java:76)
at org.openqa.selenium.support.pagefactory.internal.LocatingElementHandler.invoke(LocatingElementHandler.java:51)
at jdk.proxy2/jdk.proxy2.$Proxy49.click(Unknown Source)
at pageObjects.TravelInsurance.sortByPrice(TravelInsurance.java:204)
at testCases.TC_001_TravelInsuranceTest.test_StudentPlans(TC_001_TravelInsuranceTest.java:53)
at java.base/java.util.ArrayList.forEach(ArrayList.java:1511)
... Removed 35 stack frames]]>
    </failure>
  </testcase> <!-- test_StudentPlans -->
  <testcase classname="testCases.TC_001_TravelInsuranceTest" name="test_DisplayTravelInsurance" time="5.66"/>
  <testcase classname="testCases.TC_002_CarInsuranceTest" name="test_HomePage" time="15.723"/>
  <testcase classname="testCases.TC_002_CarInsuranceTest" name="test_carQuote" time="9.093"/>
  <testcase classname="testCases.TC_002_CarInsuranceTest" name="test_carCityAndRto" time="0.582"/>
  <testcase classname="testCases.TC_002_CarInsuranceTest" name="test_carBrand" time="0.496"/>
  <testcase classname="testCases.TC_002_CarInsuranceTest" name="test_carModel" time="0.427"/>
  <testcase classname="testCases.TC_002_CarInsuranceTest" name="test_carFuelType" time="0.441"/>
  <testcase classname="testCases.TC_002_CarInsuranceTest" name="test_carVariant" time="0.287"/>
  <testcase classname="testCases.TC_002_CarInsuranceTest" name="test_userDetails" time="1.738"/>
  <testcase classname="testCases.TC_002_CarInsuranceTest" name="test_captureErrorMsg" time="0.099"/>
  <testcase classname="testCases.TC_003_HealthInsuranceTest" name="test_MenuItems" time="14.322"/>
  <testcase classname="testbase.BaseClass" name="@AfterTest teardown" time="0.0">
    <ignored/>
  </testcase> <!-- @AfterTest teardown -->
  <testcase classname="testbase.BaseClass" name="@AfterTest teardown" time="0.0">
    <ignored/>
  </testcase> <!-- @AfterTest teardown -->
  <testcase classname="testbase.BaseClass" name="@BeforeTest setup" time="0.0">
    <ignored/>
  </testcase> <!-- @BeforeTest setup -->
  <testcase classname="testbase.BaseClass" name="@BeforeTest setup" time="0.0">
    <ignored/>
  </testcase> <!-- @BeforeTest setup -->
</testsuite> <!-- Test -->
